app/build/intermediates/manifest_merge_blame_file/debug/processDebugMainManifest/manifest-merger-blame-debug-report.txt
1<?xml version="1.0" encoding="utf-8"?>
2<manifest xmlns:android="http://schemas.android.com/apk/res/android"
3    package="com.vaani.app"
4    android:versionCode="1"
5    android:versionName="1.0.0" >
6
7    <uses-sdk
8        android:minSdkVersion="26"
9        android:targetSdkVersion="34" />
10
11    <uses-permission android:name="android.permission.RECORD_AUDIO" />
11-->src\main\AndroidManifest.xml:5:5-70
11-->src\main\AndroidManifest.xml:5:22-68
12    <uses-permission android:name="android.permission.INTERNET" />
12-->src\main\AndroidManifest.xml:6:5-66
12-->src\main\AndroidManifest.xml:6:22-64
13    <uses-permission android:name="android.permission.FOREGROUND_SERVICE" />
13-->src\main\AndroidManifest.xml:7:5-76
13-->src\main\AndroidManifest.xml:7:22-74
14    <uses-permission android:name="android.permission.FOREGROUND_SERVICE_SPECIAL_USE" />
14-->src\main\AndroidManifest.xml:8:5-88
14-->src\main\AndroidManifest.xml:8:22-86
15    <uses-permission android:name="android.permission.RECEIVE_BOOT_COMPLETED" />
15-->src\main\AndroidManifest.xml:9:5-80
15-->src\main\AndroidManifest.xml:9:22-78
16    <uses-permission android:name="android.permission.SYSTEM_ALERT_WINDOW" />
16-->src\main\AndroidManifest.xml:10:5-77
16-->src\main\AndroidManifest.xml:10:22-75
17    <uses-permission android:name="android.permission.WAKE_LOCK" />
17-->src\main\AndroidManifest.xml:11:5-67
17-->src\main\AndroidManifest.xml:11:22-65
18    <uses-permission android:name="android.permission.REQUEST_IGNORE_BATTERY_OPTIMIZATIONS" />
18-->src\main\AndroidManifest.xml:12:5-94
18-->src\main\AndroidManifest.xml:12:22-92
19    <uses-permission android:name="android.permission.QUERY_ALL_PACKAGES" />
19-->src\main\AndroidManifest.xml:13:5-118
19-->src\main\AndroidManifest.xml:13:22-74
20    <uses-permission android:name="android.permission.VIBRATE" />
20-->src\main\AndroidManifest.xml:14:5-65
20-->src\main\AndroidManifest.xml:14:22-63
21    <uses-permission android:name="android.permission.POST_NOTIFICATIONS" />
21-->src\main\AndroidManifest.xml:15:5-77
21-->src\main\AndroidManifest.xml:15:22-74
22
23    <permission
23-->[androidx.core:core:1.12.0] AndroidManifest.xml:22:5-24:47
24        android:name="com.vaani.app.DYNAMIC_RECEIVER_NOT_EXPORTED_PERMISSION"
24-->[androidx.core:core:1.12.0] AndroidManifest.xml:23:9-81
25        android:protectionLevel="signature" />
25-->[androidx.core:core:1.12.0] AndroidManifest.xml:24:9-44
26
27    <uses-permission android:name="com.vaani.app.DYNAMIC_RECEIVER_NOT_EXPORTED_PERMISSION" />
27-->[androidx.core:core:1.12.0] AndroidManifest.xml:26:5-97
27-->[androidx.core:core:1.12.0] AndroidManifest.xml:26:22-94
28
29    <application
29-->src\main\AndroidManifest.xml:17:5-81:19
30        android:name="com.vaani.app.VaaniApplication"
30-->src\main\AndroidManifest.xml:18:9-41
31        android:allowBackup="true"
31-->src\main\AndroidManifest.xml:19:9-35
32        android:appComponentFactory="androidx.core.app.CoreComponentFactory"
32-->[androidx.core:core:1.12.0] AndroidManifest.xml:28:18-86
33        android:dataExtractionRules="@xml/data_extraction_rules"
33-->src\main\AndroidManifest.xml:20:9-65
34        android:debuggable="true"
35        android:extractNativeLibs="false"
36        android:fullBackupContent="@xml/backup_rules"
36-->src\main\AndroidManifest.xml:21:9-54
37        android:icon="@mipmap/ic_launcher"
37-->src\main\AndroidManifest.xml:22:9-43
38        android:label="@string/app_name"
38-->src\main\AndroidManifest.xml:23:9-41
39        android:roundIcon="@mipmap/ic_launcher_round"
39-->src\main\AndroidManifest.xml:24:9-54
40        android:supportsRtl="true"
40-->src\main\AndroidManifest.xml:25:9-35
41        android:testOnly="true"
42        android:theme="@style/Theme.Vaani" >
42-->src\main\AndroidManifest.xml:26:9-43
43        <activity
43-->src\main\AndroidManifest.xml:28:9-37:20
44            android:name="com.vaani.app.MainActivity"
44-->src\main\AndroidManifest.xml:29:13-41
45            android:exported="true"
45-->src\main\AndroidManifest.xml:30:13-36
46            android:theme="@style/Theme.Vaani"
46-->src\main\AndroidManifest.xml:31:13-47
47            android:windowSoftInputMode="adjustResize" >
47-->src\main\AndroidManifest.xml:32:13-55
48            <intent-filter>
48-->src\main\AndroidManifest.xml:33:13-36:29
49                <action android:name="android.intent.action.MAIN" />
49-->src\main\AndroidManifest.xml:34:17-69
49-->src\main\AndroidManifest.xml:34:25-66
50
51                <category android:name="android.intent.category.LAUNCHER" />
51-->src\main\AndroidManifest.xml:35:17-77
51-->src\main\AndroidManifest.xml:35:27-74
52            </intent-filter>
53        </activity>
54
55        <service
55-->src\main\AndroidManifest.xml:39:9-46:19
56            android:name="com.vaani.app.core.service.VaaniForegroundService"
56-->src\main\AndroidManifest.xml:40:13-64
57            android:exported="false"
57-->src\main\AndroidManifest.xml:41:13-37
58            android:foregroundServiceType="specialUse" >
58-->src\main\AndroidManifest.xml:42:13-55
59            <property
59-->src\main\AndroidManifest.xml:43:13-45:51
60                android:name="android.app.PROPERTY_SPECIAL_USE_FGS_SUBTYPE"
60-->src\main\AndroidManifest.xml:44:17-76
61                android:value="voice_assistant" />
61-->src\main\AndroidManifest.xml:45:17-48
62        </service>
63        <service
63-->src\main\AndroidManifest.xml:48:9-59:19
64            android:name="com.vaani.app.core.accessibility.VaaniAccessibilityService"
64-->src\main\AndroidManifest.xml:49:13-73
65            android:exported="true"
65-->src\main\AndroidManifest.xml:50:13-36
66            android:label="@string/accessibility_service_label"
66-->src\main\AndroidManifest.xml:51:13-64
67            android:permission="android.permission.BIND_ACCESSIBILITY_SERVICE" >
67-->src\main\AndroidManifest.xml:52:13-79
68            <intent-filter>
68-->src\main\AndroidManifest.xml:53:13-55:29
69                <action android:name="android.accessibilityservice.AccessibilityService" />
69-->src\main\AndroidManifest.xml:54:17-92
69-->src\main\AndroidManifest.xml:54:25-89
70            </intent-filter>
71
72            <meta-data
72-->src\main\AndroidManifest.xml:56:13-58:72
73                android:name="android.accessibilityservice"
73-->src\main\AndroidManifest.xml:57:17-60
74                android:resource="@xml/accessibility_service_config" />
74-->src\main\AndroidManifest.xml:58:17-69
75        </service>
76
77        <!-- Floating Voice Button Service -->
78        <service
78-->src\main\AndroidManifest.xml:62:9-69:19
79            android:name="com.vaani.app.ui.overlay.FloatingVoiceButton"
79-->src\main\AndroidManifest.xml:63:13-59
80            android:exported="false"
80-->src\main\AndroidManifest.xml:64:13-37
81            android:foregroundServiceType="specialUse" >
81-->src\main\AndroidManifest.xml:65:13-55
82            <property
82-->src\main\AndroidManifest.xml:43:13-45:51
83                android:name="android.app.PROPERTY_SPECIAL_USE_FGS_SUBTYPE"
83-->src\main\AndroidManifest.xml:44:17-76
84                android:value="floating_button" />
84-->src\main\AndroidManifest.xml:45:17-48
85        </service>
86
87        <receiver
87-->src\main\AndroidManifest.xml:71:9-79:20
88            android:name="com.vaani.app.core.service.BootReceiver"
88-->src\main\AndroidManifest.xml:72:13-54
89            android:enabled="true"
89-->src\main\AndroidManifest.xml:73:13-35
90            android:exported="true" >
90-->src\main\AndroidManifest.xml:74:13-36
91            <intent-filter>
91-->src\main\AndroidManifest.xml:75:13-78:29
92                <action android:name="android.intent.action.BOOT_COMPLETED" />
92-->src\main\AndroidManifest.xml:76:17-79
92-->src\main\AndroidManifest.xml:76:25-76
93                <action android:name="android.intent.action.QUICKBOOT_POWERON" />
93-->src\main\AndroidManifest.xml:77:17-82
93-->src\main\AndroidManifest.xml:77:25-79
94            </intent-filter>
95        </receiver>
96
97        <activity
97-->[androidx.compose.ui:ui-tooling-android:1.6.0] AndroidManifest.xml:23:9-25:39
98            android:name="androidx.compose.ui.tooling.PreviewActivity"
98-->[androidx.compose.ui:ui-tooling-android:1.6.0] AndroidManifest.xml:24:13-71
99            android:exported="true" />
99-->[androidx.compose.ui:ui-tooling-android:1.6.0] AndroidManifest.xml:25:13-36
100        <activity
100-->[androidx.compose.ui:ui-test-manifest:1.6.0] AndroidManifest.xml:23:9-25:39
101            android:name="androidx.activity.ComponentActivity"
101-->[androidx.compose.ui:ui-test-manifest:1.6.0] AndroidManifest.xml:24:13-63
102            android:exported="true" />
102-->[androidx.compose.ui:ui-test-manifest:1.6.0] AndroidManifest.xml:25:13-36
103
104        <provider
104-->[androidx.emoji2:emoji2:1.3.0] AndroidManifest.xml:24:9-32:20
105            android:name="androidx.startup.InitializationProvider"
105-->[androidx.emoji2:emoji2:1.3.0] AndroidManifest.xml:25:13-67
106            android:authorities="com.vaani.app.androidx-startup"
106-->[androidx.emoji2:emoji2:1.3.0] AndroidManifest.xml:26:13-68
107            android:exported="false" >
107-->[androidx.emoji2:emoji2:1.3.0] AndroidManifest.xml:27:13-37
108            <meta-data
108-->[androidx.emoji2:emoji2:1.3.0] AndroidManifest.xml:29:13-31:52
109                android:name="androidx.emoji2.text.EmojiCompatInitializer"
109-->[androidx.emoji2:emoji2:1.3.0] AndroidManifest.xml:30:17-75
110                android:value="androidx.startup" />
110-->[androidx.emoji2:emoji2:1.3.0] AndroidManifest.xml:31:17-49
111            <meta-data
111-->[androidx.lifecycle:lifecycle-process:2.7.0] AndroidManifest.xml:29:13-31:52
112                android:name="androidx.lifecycle.ProcessLifecycleInitializer"
112-->[androidx.lifecycle:lifecycle-process:2.7.0] AndroidManifest.xml:30:17-78
113                android:value="androidx.startup" />
113-->[androidx.lifecycle:lifecycle-process:2.7.0] AndroidManifest.xml:31:17-49
114            <meta-data
114-->[androidx.profileinstaller:profileinstaller:1.3.0] AndroidManifest.xml:29:13-31:52
115                android:name="androidx.profileinstaller.ProfileInstallerInitializer"
115-->[androidx.profileinstaller:profileinstaller:1.3.0] AndroidManifest.xml:30:17-85
116                android:value="androidx.startup" />
116-->[androidx.profileinstaller:profileinstaller:1.3.0] AndroidManifest.xml:31:17-49
117        </provider>
118
119        <service
119-->[androidx.room:room-runtime:2.6.1] AndroidManifest.xml:24:9-28:63
120            android:name="androidx.room.MultiInstanceInvalidationService"
120-->[androidx.room:room-runtime:2.6.1] AndroidManifest.xml:25:13-74
121            android:directBootAware="true"
121-->[androidx.room:room-runtime:2.6.1] AndroidManifest.xml:26:13-43
122            android:exported="false" />
122-->[androidx.room:room-runtime:2.6.1] AndroidManifest.xml:27:13-37
123
124        <receiver
124-->[androidx.profileinstaller:profileinstaller:1.3.0] AndroidManifest.xml:34:9-52:20
125            android:name="androidx.profileinstaller.ProfileInstallReceiver"
125-->[androidx.profileinstaller:profileinstaller:1.3.0] AndroidManifest.xml:35:13-76
126            android:directBootAware="false"
126-->[androidx.profileinstaller:profileinstaller:1.3.0] AndroidManifest.xml:36:13-44
127            android:enabled="true"
127-->[androidx.profileinstaller:profileinstaller:1.3.0] AndroidManifest.xml:37:13-35
128            android:exported="true"
128-->[androidx.profileinstaller:profileinstaller:1.3.0] AndroidManifest.xml:38:13-36
129            android:permission="android.permission.DUMP" >
129-->[androidx.profileinstaller:profileinstaller:1.3.0] AndroidManifest.xml:39:13-57
130            <intent-filter>
130-->[androidx.profileinstaller:profileinstaller:1.3.0] AndroidManifest.xml:40:13-42:29
131                <action android:name="androidx.profileinstaller.action.INSTALL_PROFILE" />
131-->[androidx.profileinstaller:profileinstaller:1.3.0] AndroidManifest.xml:41:17-91
131-->[androidx.profileinstaller:profileinstaller:1.3.0] AndroidManifest.xml:41:25-88
132            </intent-filter>
133            <intent-filter>
133-->[androidx.profileinstaller:profileinstaller:1.3.0] AndroidManifest.xml:43:13-45:29
134                <action android:name="androidx.profileinstaller.action.SKIP_FILE" />
134-->[androidx.profileinstaller:profileinstaller:1.3.0] AndroidManifest.xml:44:17-85
134-->[androidx.profileinstaller:profileinstaller:1.3.0] AndroidManifest.xml:44:25-82
135            </intent-filter>
136            <intent-filter>
136-->[androidx.profileinstaller:profileinstaller:1.3.0] AndroidManifest.xml:46:13-48:29
137                <action android:name="androidx.profileinstaller.action.SAVE_PROFILE" />
137-->[androidx.profileinstaller:profileinstaller:1.3.0] AndroidManifest.xml:47:17-88
137-->[androidx.profileinstaller:profileinstaller:1.3.0] AndroidManifest.xml:47:25-85
138            </intent-filter>
139            <intent-filter>
139-->[androidx.profileinstaller:profileinstaller:1.3.0] AndroidManifest.xml:49:13-51:29
140                <action android:name="androidx.profileinstaller.action.BENCHMARK_OPERATION" />
140-->[androidx.profileinstaller:profileinstaller:1.3.0] AndroidManifest.xml:50:17-95
140-->[androidx.profileinstaller:profileinstaller:1.3.0] AndroidManifest.xml:50:25-92
141            </intent-filter>
142        </receiver>
143    </application>
144
145</manifest>